# JRE version: OpenJDK Runtime Environment (11.0.8+10) (build 11.0.8+10-b944.6842174)
# Java VM: OpenJDK 64-Bit Server VM (11.0.8+10-b944.6842174, mixed mode, tiered, compressed oops, g1 gc, windows-amd64)
Heap:
 garbage-first heap   total 196608K, used 53972K [0x0000000080000000, 0x0000000100000000)
  region size 1024K, 16 young (16384K), 7 survivors (7168K)
 Metaspace       used 59283K, capacity 60675K, committed 60748K, reserved 1101824K
  class space    used 7516K, capacity 8005K, committed 8064K, reserved 1048576K
GC Heap History (20 events):
Event: 1.916 GC heap before
{Heap before GC invocations=0 (full 0):
 garbage-first heap   total 196608K, used 19456K [0x0000000080000000, 0x0000000100000000)
  region size 1024K, 14 young (14336K), 0 survivors (0K)
 Metaspace       used 7444K, capacity 7567K, committed 7680K, reserved 1056768K
  class space    used 674K, capacity 716K, committed 768K, reserved 1048576K
}
Event: 1.929 GC heap after
{Heap after GC invocations=1 (full 0):
 garbage-first heap   total 196608K, used 7868K [0x0000000080000000, 0x0000000100000000)
  region size 1024K, 2 young (2048K), 2 survivors (2048K)
 Metaspace       used 7444K, capacity 7567K, committed 7680K, reserved 1056768K
  class space    used 674K, capacity 716K, committed 768K, reserved 1048576K
}
Event: 2.849 GC heap before
{Heap before GC invocations=1 (full 0):
 garbage-first heap   total 196608K, used 19132K [0x0000000080000000, 0x0000000100000000)
  region size 1024K, 13 young (13312K), 2 survivors (2048K)
 Metaspace       used 10464K, capacity 10689K, committed 11008K, reserved 1058816K
  class space    used 1098K, capacity 1163K, committed 1280K, reserved 1048576K
}
Event: 2.851 GC heap after
{Heap after GC invocations=2 (full 0):
 garbage-first heap   total 196608K, used 8601K [0x0000000080000000, 0x0000000100000000)
  region size 1024K, 1 young (1024K), 1 survivors (1024K)
 Metaspace       used 10464K, capacity 10689K, committed 11008K, reserved 1058816K
  class space    used 1098K, capacity 1163K, committed 1280K, reserved 1048576K
}
Event: 3.852 GC heap before
{Heap before GC invocations=2 (full 0):
 garbage-first heap   total 196608K, used 36249K [0x0000000080000000, 0x0000000100000000)
  region size 1024K, 29 young (29696K), 1 survivors (1024K)
 Metaspace       used 10684K, capacity 10885K, committed 11008K, reserved 1058816K
  class space    used 1103K, capacity 1164K, committed 1280K, reserved 1048576K
}
Event: 3.856 GC heap after
{Heap after GC invocations=3 (full 0):
 garbage-first heap   total 196608K, used 12568K [0x0000000080000000, 0x0000000100000000)
  region size 1024K, 4 young (4096K), 4 survivors (4096K)
 Metaspace       used 10684K, capacity 10885K, committed 11008K, reserved 1058816K
  class space    used 1103K, capacity 1164K, committed 1280K, reserved 1048576K
}
Event: 7.710 GC heap before
{Heap before GC invocations=3 (full 0):
 garbage-first heap   total 196608K, used 53528K [0x0000000080000000, 0x0000000100000000)
  region size 1024K, 44 young (45056K), 4 survivors (4096K)
 Metaspace       used 18647K, capacity 19035K, committed 19328K, reserved 1067008K
  class space    used 2234K, capacity 2360K, committed 2432K, reserved 1048576K
}
Event: 7.717 GC heap after
{Heap after GC invocations=4 (full 0):
 garbage-first heap   total 196608K, used 16237K [0x0000000080000000, 0x0000000100000000)
  region size 1024K, 4 young (4096K), 4 survivors (4096K)
 Metaspace       used 18647K, capacity 19035K, committed 19328K, reserved 1067008K
  class space    used 2234K, capacity 2360K, committed 2432K, reserved 1048576K
}
Event: 8.108 GC heap before
{Heap before GC invocations=4 (full 0):
 garbage-first heap   total 196608K, used 29549K [0x0000000080000000, 0x0000000100000000)
  region size 1024K, 19 young (19456K), 4 survivors (4096K)
 Metaspace       used 20599K, capacity 21093K, committed 21248K, reserved 1067008K
  class space    used 2520K, capacity 2710K, committed 2816K, reserved 1048576K
}
Event: 8.115 GC heap after
{Heap after GC invocations=5 (full 0):
 garbage-first heap   total 196608K, used 16441K [0x0000000080000000, 0x0000000100000000)
  region size 1024K, 4 young (4096K), 4 survivors (4096K)
 Metaspace       used 20599K, capacity 21093K, committed 21248K, reserved 1067008K
  class space    used 2520K, capacity 2710K, committed 2816K, reserved 1048576K
}
Event: 11.176 GC heap before
{Heap before GC invocations=6 (full 0):
 garbage-first heap   total 196608K, used 76857K [0x0000000080000000, 0x0000000100000000)
  region size 1024K, 64 young (65536K), 4 survivors (4096K)
 Metaspace       used 27308K, capacity 27925K, committed 28160K, reserved 1073152K
  class space    used 3592K, capacity 3821K, committed 3840K, reserved 1048576K
}
Event: 11.187 GC heap after
{Heap after GC invocations=7 (full 0):
 garbage-first heap   total 196608K, used 18873K [0x0000000080000000, 0x0000000100000000)
  region size 1024K, 6 young (6144K), 6 survivors (6144K)
 Metaspace       used 27308K, capacity 27925K, committed 28160K, reserved 1073152K
  class space    used 3592K, capacity 3821K, committed 3840K, reserved 1048576K
}
Event: 13.025 GC heap before
{Heap before GC invocations=7 (full 0):
 garbage-first heap   total 196608K, used 56761K [0x0000000080000000, 0x0000000100000000)
  region size 1024K, 44 young (45056K), 6 survivors (6144K)
 Metaspace       used 35150K, capacity 35821K, committed 35840K, reserved 1081344K
  class space    used 4563K, capacity 4856K, committed 4864K, reserved 1048576K
}
Event: 13.040 GC heap after
{Heap after GC invocations=8 (full 0):
 garbage-first heap   total 196608K, used 21677K [0x0000000080000000, 0x0000000100000000)
  region size 1024K, 9 young (9216K), 9 survivors (9216K)
 Metaspace       used 35150K, capacity 35821K, committed 35840K, reserved 1081344K
  class space    used 4563K, capacity 4856K, committed 4864K, reserved 1048576K
}
Event: 15.218 GC heap before
{Heap before GC invocations=9 (full 0):
 garbage-first heap   total 196608K, used 105645K [0x0000000080000000, 0x0000000100000000)
  region size 1024K, 88 young (90112K), 9 survivors (9216K)
 Metaspace       used 42870K, capacity 43830K, committed 44032K, reserved 1087488K
  class space    used 5509K, capacity 5862K, committed 5888K, reserved 1048576K
}
Event: 15.235 GC heap after
{Heap after GC invocations=10 (full 0):
 garbage-first heap   total 196608K, used 25703K [0x0000000080000000, 0x0000000100000000)
  region size 1024K, 10 young (10240K), 10 survivors (10240K)
 Metaspace       used 42870K, capacity 43830K, committed 44032K, reserved 1087488K
  class space    used 5509K, capacity 5862K, committed 5888K, reserved 1048576K
}
Event: 25.080 GC heap before
{Heap before GC invocations=10 (full 0):
 garbage-first heap   total 196608K, used 118887K [0x0000000080000000, 0x0000000100000000)
  region size 1024K, 99 young (101376K), 10 survivors (10240K)
 Metaspace       used 48897K, capacity 50079K, committed 50176K, reserved 1093632K
  class space    used 6217K, capacity 6625K, committed 6656K, reserved 1048576K
}
Event: 25.109 GC heap after
{Heap after GC invocations=11 (full 0):
 garbage-first heap   total 196608K, used 38912K [0x0000000080000000, 0x0000000100000000)
  region size 1024K, 13 young (13312K), 13 survivors (13312K)
 Metaspace       used 48897K, capacity 50079K, committed 50176K, reserved 1093632K
  class space    used 6217K, capacity 6625K, committed 6656K, reserved 1048576K
}
Event: 30.241 GC heap before
{Heap before GC invocations=11 (full 0):
 garbage-first heap   total 196608K, used 117760K [0x0000000080000000, 0x0000000100000000)
  region size 1024K, 91 young (93184K), 13 survivors (13312K)
 Metaspace       used 58740K, capacity 60111K, committed 60160K, reserved 1101824K
  class space    used 7432K, capacity 7905K, committed 7936K, reserved 1048576K
}
Event: 30.277 GC heap after
{Heap after GC invocations=12 (full 0):
 garbage-first heap   total 196608K, used 45780K [0x0000000080000000, 0x0000000100000000)
  region size 1024K, 7 young (7168K), 7 survivors (7168K)
 Metaspace       used 58740K, capacity 60111K, committed 60160K, reserved 1101824K
  class space    used 7432K, capacity 7905K, committed 7936K, reserved 1048576K
}

