# JRE version: OpenJDK Runtime Environment (11.0.8+10) (build 11.0.8+10-b944.6842174)
# Java VM: OpenJDK 64-Bit Server VM (11.0.8+10-b944.6842174, mixed mode, tiered, compressed oops, g1 gc, windows-amd64)
Heap:
 garbage-first heap   total 280576K, used 220217K [0x0000000080000000, 0x0000000100000000)
  region size 1024K, 150 young (153600K), 15 survivors (15360K)
 Metaspace       used 79842K, capacity 81895K, committed 82124K, reserved 1120256K
  class space    used 10287K, capacity 11003K, committed 11008K, reserved 1048576K
GC Heap History (20 events):
Event: 1.661 GC heap after
{Heap after GC invocations=3 (full 0):
 garbage-first heap   total 196608K, used 12612K [0x0000000080000000, 0x0000000100000000)
  region size 1024K, 4 young (4096K), 4 survivors (4096K)
 Metaspace       used 10685K, capacity 10837K, committed 11008K, reserved 1058816K
  class space    used 1103K, capacity 1164K, committed 1280K, reserved 1048576K
}
Event: 3.912 GC heap before
{Heap before GC invocations=3 (full 0):
 garbage-first heap   total 196608K, used 54596K [0x0000000080000000, 0x0000000100000000)
  region size 1024K, 45 young (46080K), 4 survivors (4096K)
 Metaspace       used 18629K, capacity 19051K, committed 19328K, reserved 1067008K
  class space    used 2234K, capacity 2360K, committed 2432K, reserved 1048576K
}
Event: 3.919 GC heap after
{Heap after GC invocations=4 (full 0):
 garbage-first heap   total 196608K, used 16029K [0x0000000080000000, 0x0000000100000000)
  region size 1024K, 4 young (4096K), 4 survivors (4096K)
 Metaspace       used 18629K, capacity 19051K, committed 19328K, reserved 1067008K
  class space    used 2234K, capacity 2360K, committed 2432K, reserved 1048576K
}
Event: 4.159 GC heap before
{Heap before GC invocations=4 (full 0):
 garbage-first heap   total 196608K, used 30365K [0x0000000080000000, 0x0000000100000000)
  region size 1024K, 20 young (20480K), 4 survivors (4096K)
 Metaspace       used 20649K, capacity 21109K, committed 21248K, reserved 1067008K
  class space    used 2531K, capacity 2710K, committed 2816K, reserved 1048576K
}
Event: 4.165 GC heap after
{Heap after GC invocations=5 (full 0):
 garbage-first heap   total 196608K, used 16463K [0x0000000080000000, 0x0000000100000000)
  region size 1024K, 4 young (4096K), 4 survivors (4096K)
 Metaspace       used 20649K, capacity 21109K, committed 21248K, reserved 1067008K
  class space    used 2531K, capacity 2710K, committed 2816K, reserved 1048576K
}
Event: 5.383 GC heap before
{Heap before GC invocations=6 (full 0):
 garbage-first heap   total 196608K, used 79951K [0x0000000080000000, 0x0000000100000000)
  region size 1024K, 66 young (67584K), 4 survivors (4096K)
 Metaspace       used 27478K, capacity 28112K, committed 28288K, reserved 1073152K
  class space    used 3624K, capacity 3857K, committed 3968K, reserved 1048576K
}
Event: 5.392 GC heap after
{Heap after GC invocations=7 (full 0):
 garbage-first heap   total 196608K, used 18795K [0x0000000080000000, 0x0000000100000000)
  region size 1024K, 6 young (6144K), 6 survivors (6144K)
 Metaspace       used 27478K, capacity 28112K, committed 28288K, reserved 1073152K
  class space    used 3624K, capacity 3857K, committed 3968K, reserved 1048576K
}
Event: 6.346 GC heap before
{Heap before GC invocations=7 (full 0):
 garbage-first heap   total 196608K, used 54635K [0x0000000080000000, 0x0000000100000000)
  region size 1024K, 42 young (43008K), 6 survivors (6144K)
 Metaspace       used 35098K, capacity 35741K, committed 35840K, reserved 1081344K
  class space    used 4563K, capacity 4824K, committed 4864K, reserved 1048576K
}
Event: 6.360 GC heap after
{Heap after GC invocations=8 (full 0):
 garbage-first heap   total 196608K, used 21624K [0x0000000080000000, 0x0000000100000000)
  region size 1024K, 9 young (9216K), 9 survivors (9216K)
 Metaspace       used 35098K, capacity 35741K, committed 35840K, reserved 1081344K
  class space    used 4563K, capacity 4824K, committed 4864K, reserved 1048576K
}
Event: 7.929 GC heap before
{Heap before GC invocations=9 (full 0):
 garbage-first heap   total 196608K, used 105592K [0x0000000080000000, 0x0000000100000000)
  region size 1024K, 88 young (90112K), 9 survivors (9216K)
 Metaspace       used 42851K, capacity 43848K, committed 44032K, reserved 1087488K
  class space    used 5512K, capacity 5863K, committed 5888K, reserved 1048576K
}
Event: 7.945 GC heap after
{Heap after GC invocations=10 (full 0):
 garbage-first heap   total 196608K, used 25875K [0x0000000080000000, 0x0000000100000000)
  region size 1024K, 10 young (10240K), 10 survivors (10240K)
 Metaspace       used 42851K, capacity 43848K, committed 44032K, reserved 1087488K
  class space    used 5512K, capacity 5863K, committed 5888K, reserved 1048576K
}
Event: 9.945 GC heap before
{Heap before GC invocations=10 (full 0):
 garbage-first heap   total 196608K, used 123155K [0x0000000080000000, 0x0000000100000000)
  region size 1024K, 102 young (104448K), 10 survivors (10240K)
 Metaspace       used 49349K, capacity 50544K, committed 50816K, reserved 1093632K
  class space    used 6278K, capacity 6690K, committed 6784K, reserved 1048576K
}
Event: 9.967 GC heap after
{Heap after GC invocations=11 (full 0):
 garbage-first heap   total 196608K, used 38351K [0x0000000080000000, 0x0000000100000000)
  region size 1024K, 13 young (13312K), 13 survivors (13312K)
 Metaspace       used 49349K, capacity 50544K, committed 50816K, reserved 1093632K
  class space    used 6278K, capacity 6690K, committed 6784K, reserved 1048576K
}
Event: 12.259 GC heap before
{Heap before GC invocations=11 (full 0):
 garbage-first heap   total 196608K, used 112079K [0x0000000080000000, 0x0000000100000000)
  region size 1024K, 86 young (88064K), 13 survivors (13312K)
 Metaspace       used 58698K, capacity 60126K, committed 60160K, reserved 1101824K
  class space    used 7419K, capacity 7906K, committed 7936K, reserved 1048576K
}
Event: 12.294 GC heap after
{Heap after GC invocations=12 (full 0):
 garbage-first heap   total 280576K, used 45810K [0x0000000080000000, 0x0000000100000000)
  region size 1024K, 7 young (7168K), 7 survivors (7168K)
 Metaspace       used 58698K, capacity 60126K, committed 60160K, reserved 1101824K
  class space    used 7419K, capacity 7906K, committed 7936K, reserved 1048576K
}
Event: 15.971 GC heap before
{Heap before GC invocations=13 (full 0):
 garbage-first heap   total 280576K, used 161522K [0x0000000080000000, 0x0000000100000000)
  region size 1024K, 120 young (122880K), 7 survivors (7168K)
 Metaspace       used 66254K, capacity 67801K, committed 68044K, reserved 1107968K
  class space    used 8640K, capacity 9191K, committed 9216K, reserved 1048576K
}
Event: 15.990 GC heap after
{Heap after GC invocations=14 (full 0):
 garbage-first heap   total 280576K, used 52952K [0x0000000080000000, 0x0000000100000000)
  region size 1024K, 14 young (14336K), 14 survivors (14336K)
 Metaspace       used 66254K, capacity 67801K, committed 68044K, reserved 1107968K
  class space    used 8640K, capacity 9191K, committed 9216K, reserved 1048576K
}
Event: 20.615 GC heap before
{Heap before GC invocations=14 (full 0):
 garbage-first heap   total 280576K, used 181976K [0x0000000080000000, 0x0000000100000000)
  region size 1024K, 141 young (144384K), 14 survivors (14336K)
 Metaspace       used 76239K, capacity 78149K, committed 78412K, reserved 1118208K
  class space    used 9931K, capacity 10603K, committed 10624K, reserved 1048576K
}
Event: 20.644 GC heap after
{Heap after GC invocations=15 (full 0):
 garbage-first heap   total 280576K, used 61497K [0x0000000080000000, 0x0000000100000000)
  region size 1024K, 18 young (18432K), 18 survivors (18432K)
 Metaspace       used 76239K, capacity 78149K, committed 78412K, reserved 1118208K
  class space    used 9931K, capacity 10603K, committed 10624K, reserved 1048576K
}
Event: 24.863 GC heap before
{Heap before GC invocations=15 (full 0):
 garbage-first heap   total 280576K, used 219193K [0x0000000080000000, 0x0000000100000000)
  region size 1024K, 153 young (156672K), 18 survivors (18432K)
 Metaspace       used 79842K, capacity 81895K, committed 82124K, reserved 1120256K
  class space    used 10287K, capacity 11003K, committed 11008K, reserved 1048576K
}

